<?xml version="1.0" encoding="UTF-8"?>
<!-- Generated by org.testng.reporters.JUnitReportReporter -->
<testsuite skipped="0" hostname="ATMECSINLT-044" name="com.atmecs.atmecswebsite.helperspage.HelperContextMenuPage" tests="1" failures="0" timestamp="26 Sep 2019 12:39:07 GMT" time="24.538" errors="0">
  <testcase name="validateMenuFields" time="24.538" classname="com.atmecs.atmecswebsite.helperspage.HelperContextMenuPage"/>
</testsuite> <!-- com.atmecs.atmecswebsite.helperspage.HelperContextMenuPage -->
