<?xml version="1.0" encoding="UTF-8"?>
<!-- Generated by org.testng.reporters.JUnitReportReporter -->
<testsuite skipped="0" hostname="ATMECSINLT-044" name="com.atmecs.atmecswebsite.testscripts.ServicesContextMenu" tests="1" failures="0" timestamp="30 Sep 2019 08:26:21 GMT" time="24.020" errors="0">
  <testcase name="verifyServicesMenu" time="24.020" classname="com.atmecs.atmecswebsite.testscripts.ServicesContextMenu"/>
</testsuite> <!-- com.atmecs.atmecswebsite.testscripts.ServicesContextMenu -->
