<?xml version="1.0" encoding="UTF-8"?>
<!-- Generated by org.testng.reporters.JUnitReportReporter -->
<testsuite skipped="0" hostname="ATMECSINLT-044" name="com.atmecs.atmecswebsite.testscripts.ServicesContextMenu" tests="1" failures="0" timestamp="03 Oct 2019 05:29:44 GMT" time="15.784" errors="0">
  <testcase name="verifyServicesMenu" time="15.784" classname="com.atmecs.atmecswebsite.testscripts.ServicesContextMenu"/>
</testsuite> <!-- com.atmecs.atmecswebsite.testscripts.ServicesContextMenu -->
