<?xml version="1.0" encoding="UTF-8"?>
<!-- Generated by org.testng.reporters.JUnitReportReporter -->
<testsuite skipped="0" hostname="ATMECSINLT-044" name="com.atmecs.atmecswebsite.testscripts.InsightBlog" tests="1" failures="0" timestamp="30 Sep 2019 15:16:36 GMT" time="33.492" errors="0">
  <testcase name="insightBlog" time="33.492" classname="com.atmecs.atmecswebsite.testscripts.InsightBlog"/>
</testsuite> <!-- com.atmecs.atmecswebsite.testscripts.InsightBlog -->
