<?xml version="1.0" encoding="UTF-8"?>
<!-- Generated by org.testng.reporters.JUnitReportReporter -->
<testsuite skipped="2" hostname="ATMECSINLT-044" name="com.atmecs.atmecswebsite.testscripts.InsightBlog" tests="3" failures="0" timestamp="03 Oct 2019 05:29:44 GMT" time="59.845" errors="1">
  <testcase name="insightBlog" time="18.428" classname="com.atmecs.atmecswebsite.testscripts.InsightBlog">
    <error type="org.openqa.selenium.ElementClickInterceptedException" message="Element not clickable at point (276,69). Other element would receive the click: &lt;div class=&quot;hfeed myfixed&quot; id=&quot;container&quot; style=&quot;width: 1220px;&quot;&gt;
									&lt;div id=&quot;logo&quot;&gt;
					&lt;a href=&quot;http://www.atmecs.com/&quot;&gt;&lt;img width=&quot;600&quot; height=&quot;200&quot; alt=&quot;Atmecs, Inc. | Digital Solutions &amp;amp; Product Engineering Services&quot; src=&quot;http://www.atmecs.com/wp-content/uploads/2018/08/cropped-logo2.png&quot;&gt;&lt;/a&gt;
			&lt;/div&gt;
			&lt;div class=&quot;site-nav&quot;&gt;&lt;div class=&quot;menu-collapser&quot; style=&quot;display: none;&quot;&gt;&lt;div class=&quot;collapse-button&quot;&gt;&lt;span class=&quot;icon-bar&quot;&gt;&lt;/span&gt;&lt;span class=&quot;icon-bar&quot;&gt;&lt;/span&gt;&lt;span class=&quot;icon-bar&quot;&gt;&lt;/span&gt;&lt;/div&gt;&lt;/div&gt;&lt;ul class=&quot;slimmenu&quot; id=&quot;menu-header-menu&quot;&gt;&lt;li class=&quot;menu-item menu-item-type-post_type menu-item-object-page menu-item-home menu-item-23&quot; id=&quot;menu-item-23&quot;&gt;&lt;a href=&quot;http://www.atmecs.com/&quot;&gt;Home&lt;/a&gt;&lt;/li&gt;
&lt;li class=&quot;menu-item menu-item-type-post_type menu-item-object-page menu-item-24&quot; id=&quot;menu-item-24&quot;&gt;&lt;a href=&quot;http://www.atmecs.com/about-us/&quot;&gt;About Us&lt;/a&gt;&lt;/li&gt;
&lt;li class=&quot;menu-item menu-item-type-post_type menu-item-object-page menu-item-has-children menu-item-25&quot; id=&quot;menu-item-25&quot;&gt;&lt;a href=&quot;http://www.atmecs.com/services/&quot;&gt;Services&lt;/a&gt;
&lt;ul class=&quot;sub-menu&quot; style=&quot;display: none;&quot;&gt;
	&lt;li class=&quot;menu-item menu-item-type-post_type menu-item-object-page menu-item-has-children menu-item-269&quot; id=&quot;menu-item-269&quot;&gt;&lt;a href=&quot;http://www.atmecs.com/services/digital-life/&quot;&gt;Digital Life&lt;/a&gt;
	&lt;ul class=&quot;sub-menu&quot; style=&quot;display: none;&quot;&gt;
		&lt;li class=&quot;menu-item menu-item-type-post_type menu-item-object-page menu-item-215&quot; id=&quot;menu-item-215&quot;&gt;&lt;a href=&quot;http://www.atmecs.com/services/digital-life/artificial-intelligence-machine-learning/&quot;&gt;Artificial Intelligence / Machine Learning&lt;/a&gt;&lt;/li&gt;
		&lt;li class=&quot;menu-item menu-item-type-post_type menu-item-object-page menu-item-214&quot; id=&quot;menu-item-214&quot;&gt;&lt;a href=&quot;http://www.atmecs.com/services/digital-life/augmented-reality-virtual-reality/&quot;&gt;Augmented Reality / Virtual Reality&lt;/a&gt;&lt;/li&gt;
		&lt;li class=&quot;menu-item menu-item-type-post_type menu-item-object-page menu-item-218&quot; id=&quot;menu-item-218&quot;&gt;&lt;a href=&quot;http://www.atmecs.com/services/digital-life/blockchain/&quot;&gt;Blockchain&lt;/a&gt;&lt;/li&gt;
		&lt;li class=&quot;menu-item menu-item-type-post_type menu-item-object-page menu-item-217&quot; id=&quot;menu-item-217&quot;&gt;&lt;a href=&quot;http://www.atmecs.com/services/digital-life/robotic-process-automation-chatbots/&quot;&gt;Robotic Process Automation &amp;amp; ChatBOTs&lt;/a&gt;&lt;/li&gt;
		&lt;li class=&quot;menu-item menu-item-type-post_type menu-item-object-page menu-item-216&quot; id=&quot;menu-item-216&quot;&gt;&lt;a href=&quot;http://www.atmecs.com/services/digital-life/internet-of-things/&quot;&gt;Internet of Things&lt;/a&gt;&lt;/li&gt;
	&lt;/ul&gt;
&lt;span class=&quot;sub-collapser&quot;&gt;&lt;i&gt;▼&lt;/i&gt;&lt;/span&gt;&lt;/li&gt;
	&lt;li class=&quot;menu-item menu-item-type-post_type menu-item-object-page menu-item-271&quot; id=&quot;menu-item-271&quot;&gt;&lt;a href=&quot;http://www.atmecs.com/services/cloud-services/&quot;&gt;Cloud Services&lt;/a&gt;&lt;/li&gt;
	&lt;li class=&quot;menu-item menu-item-type-post_type menu-item-object-page menu-item-270&quot; id=&quot;menu-item-270&quot;&gt;&lt;a href=&quot;http://www.atmecs.com/services/enterprise-analytics/&quot;&gt;Enterprise Analytics&lt;/a&gt;&lt;/li&gt;
	&lt;li class=&quot;menu-item menu-item-type-post_type menu-item-object-page menu-item-272&quot; id=&quot;menu-item-272&quot;&gt;&lt;a href=&quot;http://www.atmecs.com/services/product-engineering/&quot;&gt;Product Engineering&lt;/a&gt;&lt;/li&gt;
	&lt;li class=&quot;menu-item menu-item-type-post_type menu-item-object-page menu-item-274&quot; id=&quot;menu-item-274&quot;&gt;&lt;a href=&quot;http://www.atmecs.com/services/mobile-computing/&quot;&gt;Mobile Computing&lt;/a&gt;&lt;/li&gt;
	&lt;li class=&quot;menu-item menu-item-type-post_type menu-item-object-page menu-item-273&quot; id=&quot;menu-item-273&quot;&gt;&lt;a href=&quot;http://www.atmecs.com/services/automation-engineering/&quot;&gt;Quality Engineering&lt;/a&gt;&lt;/li&gt;
	&lt;li class=&quot;menu-item menu-item-type-post_type menu-item-object-page menu-item-has-children menu-item-562&quot; id=&quot;menu-item-562&quot;&gt;&lt;a href=&quot;http://www.atmecs.com/services/infrastructure-services/&quot;&gt;Infrastructure Services&lt;/a&gt;
	&lt;ul class=&quot;sub-menu&quot; style=&quot;display: none;&quot;&gt;
		&lt;li class=&quot;menu-item menu-item-type-post_type menu-item-object-page menu-item-563&quot; id=&quot;menu-item-563&quot;&gt;&lt;a href=&quot;http://www.atmecs.com/services/infrastructure-services/infrastructure-management/&quot;&gt;Infrastructure Management&lt;/a&gt;&lt;/li&gt;
		&lt;li class=&quot;menu-item menu-item-type-post_type menu-item-object-page menu-item-564&quot; id=&quot;menu-item-564&quot;&gt;&lt;a href=&quot;http://www.atmecs.com/services/infrastructure-services/cloud-infrastructure/&quot;&gt;Cloud Infrastructure&lt;/a&gt;&lt;/li&gt;
		&lt;li class=&quot;menu-item menu-item-type-post_type menu-item-object-page menu-item-566&quot; id=&quot;menu-item-566&quot;&gt;&lt;a href=&quot;http://www.atmecs.com/services/infrastructure-services/infrastructure-automation-through-devops/&quot;&gt;Devops&lt;/a&gt;&lt;/li&gt;
		&lt;li class=&quot;menu-item menu-item-type-post_type menu-item-object-page menu-item-567&quot; id=&quot;menu-item-567&quot;&gt;&lt;a href=&quot;http://www.atmecs.com/services/infrastructure-services/noc-services/&quot;&gt;NOC Services&lt;/a&gt;&lt;/li&gt;
		&lt;li class=&quot;menu-item menu-item-type-post_type menu-item-object-page menu-item-565&quot; id=&quot;menu-item-565&quot;&gt;&lt;a href=&quot;http://www.atmecs.com/services/infrastructure-services/data-center-management/&quot;&gt;Data Center Management&lt;/a&gt;&lt;/li&gt;
	&lt;/ul&gt;
&lt;span class=&quot;sub-collapser&quot;&gt;&lt;i&gt;▼&lt;/i&gt;&lt;/span&gt;&lt;/li&gt;
&lt;/ul&gt;
&lt;span class=&quot;sub-collapser&quot;&gt;&lt;i&gt;▼&lt;/i&gt;&lt;/span&gt;&lt;/li&gt;
&lt;li class=&quot;menu-item menu-item-type-post_type menu-item-object-page menu-item-26&quot; id=&quot;menu-item-26&quot;&gt;&lt;a href=&quot;http://www.atmecs.com/partners/&quot;&gt;Partners&lt;/a&gt;&lt;/li&gt;
&lt;li class=&quot;menu-item menu-item-type-custom menu-item-object-custom menu-item-has-children menu-item-423&quot; id=&quot;menu-item-423&quot;&gt;&lt;a href=&quot;#&quot;&gt;Media&lt;/a&gt;
&lt;ul class=&quot;sub-menu&quot; style=&quot;display: none;&quot;&gt;
	&lt;li class=&quot;menu-item menu-item-type-post_type menu-item-object-page menu-item-424&quot; id=&quot;menu-item-424&quot;&gt;&lt;a href=&quot;http://www.atmecs.com/news/&quot;&gt;News&lt;/a&gt;&lt;/li&gt;
	&lt;li class=&quot;menu-item menu-item-type-post_type menu-item-object-page menu-item-1439&quot; id=&quot;menu-item-1439&quot;&gt;&lt;a href=&quot;http://www.atmecs.com/our-joy-of-giving-csr/&quot;&gt;Our Joy of Giving – CSR&lt;/a&gt;&lt;/li&gt;
	&lt;li class=&quot;menu-item menu-item-type-post_type menu-item-object-page menu-item-679&quot; id=&quot;menu-item-679&quot;&gt;&lt;a href=&quot;http://www.atmecs.com/events/&quot;&gt;Events&lt;/a&gt;&lt;/li&gt;
	&lt;li class=&quot;menu-item menu-item-type-post_type menu-item-object-page menu-item-1610&quot; id=&quot;menu-item-1610&quot;&gt;&lt;a href=&quot;http://www.atmecs.com/client-achievements/&quot;&gt;Client Achievements&lt;/a&gt;&lt;/li&gt;
&lt;/ul&gt;
&lt;span class=&quot;sub-collapser&quot;&gt;&lt;i&gt;▼&lt;/i&gt;&lt;/span&gt;&lt;/li&gt;
&lt;li class=&quot;menu-item menu-item-type-custom menu-item-object-custom menu-item-has-children menu-item-410&quot; id=&quot;menu-item-410&quot;&gt;&lt;a href=&quot;#&quot;&gt;Insights&lt;/a&gt;
&lt;ul class=&quot;sub-menu&quot; style=&quot;display: none;&quot;&gt;
	&lt;li class=&quot;menu-item menu-item-type-post_type menu-item-object-page menu-item-2622&quot; id=&quot;menu-item-2622&quot;&gt;&lt;a href=&quot;http://www.atmecs.com/case-studies/&quot;&gt;Case Studies&lt;/a&gt;&lt;/li&gt;
	&lt;li class=&quot;menu-item menu-item-type-post_type menu-item-object-page menu-item-938&quot; id=&quot;menu-item-938&quot;&gt;&lt;a href=&quot;http://www.atmecs.com/blogs/&quot;&gt;Blogs&lt;/a&gt;&lt;/li&gt;
	&lt;li class=&quot;menu-item menu-item-type-post_type menu-item-object-page menu-item-2749&quot; id=&quot;menu-item-2749&quot;&gt;&lt;a href=&quot;http://www.atmecs.com/this-week-in-digital/&quot;&gt;This Week In Digital&lt;/a&gt;&lt;/li&gt;
	&lt;li class=&quot;menu-item menu-item-type-post_type menu-item-object-page menu-item-1229&quot; id=&quot;menu-item-1229&quot;&gt;&lt;a href=&quot;http://www.atmecs.com/webinars/&quot;&gt;Webinars&lt;/a&gt;&lt;/li&gt;
&lt;/ul&gt;
&lt;span class=&quot;sub-collapser&quot;&gt;&lt;i&gt;▼&lt;/i&gt;&lt;/span&gt;&lt;/li&gt;
&lt;li class=&quot;menu-item menu-item-type-post_type menu-item-object-page menu-item-29&quot; id=&quot;menu-item-29&quot;&gt;&lt;a href=&quot;http://www.atmecs.com/careers/&quot;&gt;Careers&lt;/a&gt;&lt;/li&gt;
&lt;li class=&quot;menu-item menu-item-type-post_type menu-item-object-page menu-item-30&quot; id=&quot;menu-item-30&quot;&gt;&lt;a href=&quot;http://www.atmecs.com/contact-us/&quot;&gt;Contact Us&lt;/a&gt;&lt;/li&gt;
&lt;/ul&gt;&lt;/div&gt;					&lt;/div&gt;
Build info: version: &#039;3.141.59&#039;, revision: &#039;e82be7d358&#039;, time: &#039;2018-11-14T08:17:03&#039;
System info: host: &#039;ATMECSINLT-044&#039;, ip: &#039;55.55.52.105&#039;, os.name: &#039;Windows 10&#039;, os.arch: &#039;amd64&#039;, os.version: &#039;10.0&#039;, java.version: &#039;1.8.0_221&#039;
Driver info: org.openqa.selenium.ie.InternetExplorerDriver
Capabilities {acceptInsecureCerts: false, browserName: internet explorer, browserVersion: 11, javascriptEnabled: true, pageLoadStrategy: normal, platform: WINDOWS, platformName: WINDOWS, proxy: Proxy(), se:ieOptions: {browserAttachTimeout: 0, elementScrollBehavior: 0, enablePersistentHover: true, ie.browserCommandLineSwitches: , ie.ensureCleanSession: false, ie.fileUploadDialogTimeout: 3000, ie.forceCreateProcessApi: false, ignoreProtectedModeSettings: false, ignoreZoomSetting: false, initialBrowserUrl: http://localhost:41186/, nativeEvents: true, requireWindowFocus: false}, setWindowRect: true, timeouts: {implicit: 0, pageLoad: 300000, script: 30000}}
Session ID: 0eef8d4f-d92f-49ae-9368-88cf4817d410">
      <![CDATA[org.openqa.selenium.ElementClickInterceptedException: Element not clickable at point (276,69). Other element would receive the click: <div class="hfeed myfixed" id="container" style="width: 1220px;">
<div id="logo">
<a href="http://www.atmecs.com/"><img width="600" height="200" alt="Atmecs, Inc. | Digital Solutions &amp; Product Engineering Services" src="http://www.atmecs.com/wp-content/uploads/2018/08/cropped-logo2.png"></a>
</div>
<div class="site-nav"><div class="menu-collapser" style="display: none;"><div class="collapse-button"><span class="icon-bar"></span><span class="icon-bar"></span><span class="icon-bar"></span></div></div><ul class="slimmenu" id="menu-header-menu"><li class="menu-item menu-item-type-post_type menu-item-object-page menu-item-home menu-item-23" id="menu-item-23"><a href="http://www.atmecs.com/">Home</a></li>
<li class="menu-item menu-item-type-post_type menu-item-object-page menu-item-24" id="menu-item-24"><a href="http://www.atmecs.com/about-us/">About Us</a></li>
<li class="menu-item menu-item-type-post_type menu-item-object-page menu-item-has-children menu-item-25" id="menu-item-25"><a href="http://www.atmecs.com/services/">Services</a>
<ul class="sub-menu" style="display: none;">
<li class="menu-item menu-item-type-post_type menu-item-object-page menu-item-has-children menu-item-269" id="menu-item-269"><a href="http://www.atmecs.com/services/digital-life/">Digital Life</a>
<ul class="sub-menu" style="display: none;">
<li class="menu-item menu-item-type-post_type menu-item-object-page menu-item-215" id="menu-item-215"><a href="http://www.atmecs.com/services/digital-life/artificial-intelligence-machine-learning/">Artificial Intelligence / Machine Learning</a></li>
<li class="menu-item menu-item-type-post_type menu-item-object-page menu-item-214" id="menu-item-214"><a href="http://www.atmecs.com/services/digital-life/augmented-reality-virtual-reality/">Augmented Reality / Virtual Reality</a></li>
<li class="menu-item menu-item-type-post_type menu-item-object-page menu-item-218" id="menu-item-218"><a href="http://www.atmecs.com/services/digital-life/blockchain/">Blockchain</a></li>
<li class="menu-item menu-item-type-post_type menu-item-object-page menu-item-217" id="menu-item-217"><a href="http://www.atmecs.com/services/digital-life/robotic-process-automation-chatbots/">Robotic Process Automation &amp; ChatBOTs</a></li>
<li class="menu-item menu-item-type-post_type menu-item-object-page menu-item-216" id="menu-item-216"><a href="http://www.atmecs.com/services/digital-life/internet-of-things/">Internet of Things</a></li>
</ul>
<span class="sub-collapser"><i>▼</i></span></li>
<li class="menu-item menu-item-type-post_type menu-item-object-page menu-item-271" id="menu-item-271"><a href="http://www.atmecs.com/services/cloud-services/">Cloud Services</a></li>
<li class="menu-item menu-item-type-post_type menu-item-object-page menu-item-270" id="menu-item-270"><a href="http://www.atmecs.com/services/enterprise-analytics/">Enterprise Analytics</a></li>
<li class="menu-item menu-item-type-post_type menu-item-object-page menu-item-272" id="menu-item-272"><a href="http://www.atmecs.com/services/product-engineering/">Product Engineering</a></li>
<li class="menu-item menu-item-type-post_type menu-item-object-page menu-item-274" id="menu-item-274"><a href="http://www.atmecs.com/services/mobile-computing/">Mobile Computing</a></li>
<li class="menu-item menu-item-type-post_type menu-item-object-page menu-item-273" id="menu-item-273"><a href="http://www.atmecs.com/services/automation-engineering/">Quality Engineering</a></li>
<li class="menu-item menu-item-type-post_type menu-item-object-page menu-item-has-children menu-item-562" id="menu-item-562"><a href="http://www.atmecs.com/services/infrastructure-services/">Infrastructure Services</a>
<ul class="sub-menu" style="display: none;">
<li class="menu-item menu-item-type-post_type menu-item-object-page menu-item-563" id="menu-item-563"><a href="http://www.atmecs.com/services/infrastructure-services/infrastructure-management/">Infrastructure Management</a></li>
<li class="menu-item menu-item-type-post_type menu-item-object-page menu-item-564" id="menu-item-564"><a href="http://www.atmecs.com/services/infrastructure-services/cloud-infrastructure/">Cloud Infrastructure</a></li>
<li class="menu-item menu-item-type-post_type menu-item-object-page menu-item-566" id="menu-item-566"><a href="http://www.atmecs.com/services/infrastructure-services/infrastructure-automation-through-devops/">Devops</a></li>
<li class="menu-item menu-item-type-post_type menu-item-object-page menu-item-567" id="menu-item-567"><a href="http://www.atmecs.com/services/infrastructure-services/noc-services/">NOC Services</a></li>
<li class="menu-item menu-item-type-post_type menu-item-object-page menu-item-565" id="menu-item-565"><a href="http://www.atmecs.com/services/infrastructure-services/data-center-management/">Data Center Management</a></li>
</ul>
<span class="sub-collapser"><i>▼</i></span></li>
</ul>
<span class="sub-collapser"><i>▼</i></span></li>
<li class="menu-item menu-item-type-post_type menu-item-object-page menu-item-26" id="menu-item-26"><a href="http://www.atmecs.com/partners/">Partners</a></li>
<li class="menu-item menu-item-type-custom menu-item-object-custom menu-item-has-children menu-item-423" id="menu-item-423"><a href="#">Media</a>
<ul class="sub-menu" style="display: none;">
<li class="menu-item menu-item-type-post_type menu-item-object-page menu-item-424" id="menu-item-424"><a href="http://www.atmecs.com/news/">News</a></li>
<li class="menu-item menu-item-type-post_type menu-item-object-page menu-item-1439" id="menu-item-1439"><a href="http://www.atmecs.com/our-joy-of-giving-csr/">Our Joy of Giving – CSR</a></li>
<li class="menu-item menu-item-type-post_type menu-item-object-page menu-item-679" id="menu-item-679"><a href="http://www.atmecs.com/events/">Events</a></li>
<li class="menu-item menu-item-type-post_type menu-item-object-page menu-item-1610" id="menu-item-1610"><a href="http://www.atmecs.com/client-achievements/">Client Achievements</a></li>
</ul>
<span class="sub-collapser"><i>▼</i></span></li>
<li class="menu-item menu-item-type-custom menu-item-object-custom menu-item-has-children menu-item-410" id="menu-item-410"><a href="#">Insights</a>
<ul class="sub-menu" style="display: none;">
<li class="menu-item menu-item-type-post_type menu-item-object-page menu-item-2622" id="menu-item-2622"><a href="http://www.atmecs.com/case-studies/">Case Studies</a></li>
<li class="menu-item menu-item-type-post_type menu-item-object-page menu-item-938" id="menu-item-938"><a href="http://www.atmecs.com/blogs/">Blogs</a></li>
<li class="menu-item menu-item-type-post_type menu-item-object-page menu-item-2749" id="menu-item-2749"><a href="http://www.atmecs.com/this-week-in-digital/">This Week In Digital</a></li>
<li class="menu-item menu-item-type-post_type menu-item-object-page menu-item-1229" id="menu-item-1229"><a href="http://www.atmecs.com/webinars/">Webinars</a></li>
</ul>
<span class="sub-collapser"><i>▼</i></span></li>
<li class="menu-item menu-item-type-post_type menu-item-object-page menu-item-29" id="menu-item-29"><a href="http://www.atmecs.com/careers/">Careers</a></li>
<li class="menu-item menu-item-type-post_type menu-item-object-page menu-item-30" id="menu-item-30"><a href="http://www.atmecs.com/contact-us/">Contact Us</a></li>
</ul></div></div>
Build info: version: '3.141.59', revision: 'e82be7d358', time: '2018-11-14T08:17:03'
System info: host: 'ATMECSINLT-044', ip: '55.55.52.105', os.name: 'Windows 10', os.arch: 'amd64', os.version: '10.0', java.version: '1.8.0_221'
Driver info: org.openqa.selenium.ie.InternetExplorerDriver
Capabilities {acceptInsecureCerts: false, browserName: internet explorer, browserVersion: 11, javascriptEnabled: true, pageLoadStrategy: normal, platform: WINDOWS, platformName: WINDOWS, proxy: Proxy(), se:ieOptions: {browserAttachTimeout: 0, elementScrollBehavior: 0, enablePersistentHover: true, ie.browserCommandLineSwitches: , ie.ensureCleanSession: false, ie.fileUploadDialogTimeout: 3000, ie.forceCreateProcessApi: false, ignoreProtectedModeSettings: false, ignoreZoomSetting: false, initialBrowserUrl: http://localhost:41186/, nativeEvents: true, requireWindowFocus: false}, setWindowRect: true, timeouts: {implicit: 0, pageLoad: 300000, script: 30000}}
Session ID: 0eef8d4f-d92f-49ae-9368-88cf4817d410
at sun.reflect.NativeConstructorAccessorImpl.newInstance0(Native Method)
at sun.reflect.NativeConstructorAccessorImpl.newInstance(NativeConstructorAccessorImpl.java:62)
at sun.reflect.DelegatingConstructorAccessorImpl.newInstance(DelegatingConstructorAccessorImpl.java:45)
at java.lang.reflect.Constructor.newInstance(Constructor.java:423)
at org.openqa.selenium.remote.http.W3CHttpResponseCodec.createException(W3CHttpResponseCodec.java:187)
at org.openqa.selenium.remote.http.W3CHttpResponseCodec.decode(W3CHttpResponseCodec.java:122)
at org.openqa.selenium.remote.http.W3CHttpResponseCodec.decode(W3CHttpResponseCodec.java:49)
at org.openqa.selenium.remote.HttpCommandExecutor.execute(HttpCommandExecutor.java:158)
at org.openqa.selenium.remote.service.DriverCommandExecutor.execute(DriverCommandExecutor.java:83)
at org.openqa.selenium.remote.RemoteWebDriver.execute(RemoteWebDriver.java:552)
at org.openqa.selenium.remote.RemoteWebElement.execute(RemoteWebElement.java:285)
at org.openqa.selenium.remote.RemoteWebElement.click(RemoteWebElement.java:84)
at com.atmecs.atmecswebsite.pageactions.PageActions.clickElement(PageActions.java:17)
at com.atmecs.atmecswebsite.helperspage.HelperInsightBlogPage.insightBlog(HelperInsightBlogPage.java:48)
at com.atmecs.atmecswebsite.testscripts.InsightBlog.insightBlog(InsightBlog.java:26)
at sun.reflect.NativeMethodAccessorImpl.invoke0(Native Method)
at sun.reflect.NativeMethodAccessorImpl.invoke(NativeMethodAccessorImpl.java:62)
at sun.reflect.DelegatingMethodAccessorImpl.invoke(DelegatingMethodAccessorImpl.java:43)
at java.lang.reflect.Method.invoke(Method.java:498)
at org.testng.internal.MethodInvocationHelper.invokeMethod(MethodInvocationHelper.java:124)
at org.testng.internal.Invoker.invokeMethod(Invoker.java:583)
at org.testng.internal.Invoker.retryFailed(Invoker.java:839)
at org.testng.internal.Invoker.invokeTestMethods(Invoker.java:1010)
at org.testng.internal.TestMethodWorker.invokeTestMethods(TestMethodWorker.java:125)
at org.testng.internal.TestMethodWorker.run(TestMethodWorker.java:109)
at org.testng.TestRunner.privateRun(TestRunner.java:648)
at org.testng.TestRunner.run(TestRunner.java:505)
at org.testng.SuiteRunner.runTest(SuiteRunner.java:455)
at org.testng.SuiteRunner.runSequentially(SuiteRunner.java:450)
at org.testng.SuiteRunner.privateRun(SuiteRunner.java:415)
at org.testng.SuiteRunner.run(SuiteRunner.java:364)
at org.testng.SuiteRunnerWorker.runSuite(SuiteRunnerWorker.java:52)
at org.testng.SuiteRunnerWorker.run(SuiteRunnerWorker.java:84)
at org.testng.TestNG.runSuitesSequentially(TestNG.java:1208)
at org.testng.TestNG.runSuitesSequentially(TestNG.java:1204)
at org.testng.TestNG.runSuitesLocally(TestNG.java:1137)
at org.testng.TestNG.runSuites(TestNG.java:1049)
at org.testng.TestNG.run(TestNG.java:1017)
at org.testng.remote.AbstractRemoteTestNG.run(AbstractRemoteTestNG.java:115)
at org.testng.remote.RemoteTestNG.initAndRun(RemoteTestNG.java:251)
at org.testng.remote.RemoteTestNG.main(RemoteTestNG.java:77)
]]>
    </error>
  </testcase> <!-- insightBlog -->
  <testcase name="insightBlog" time="21.844" classname="com.atmecs.atmecswebsite.testscripts.InsightBlog">
    <skipped/>
  </testcase> <!-- insightBlog -->
  <testcase name="insightBlog" time="19.573" classname="com.atmecs.atmecswebsite.testscripts.InsightBlog">
    <skipped/>
  </testcase> <!-- insightBlog -->
</testsuite> <!-- com.atmecs.atmecswebsite.testscripts.InsightBlog -->
