<?xml version="1.0" encoding="UTF-8"?>
<!-- Generated by org.testng.reporters.JUnitReportReporter -->
<testsuite skipped="0" hostname="ATMECSINLT-044" name="com.atmecs.atmecswebsite.helperspage.HelperInsightBlogPage" tests="1" failures="0" timestamp="26 Sep 2019 14:04:48 GMT" time="27.310" errors="0">
  <testcase name="insightBlog" time="27.310" classname="com.atmecs.atmecswebsite.helperspage.HelperInsightBlogPage"/>
</testsuite> <!-- com.atmecs.atmecswebsite.helperspage.HelperInsightBlogPage -->
