<?xml version="1.0" encoding="UTF-8"?>
<!-- Generated by org.testng.reporters.JUnitReportReporter -->
<testsuite skipped="0" hostname="ATMECSINLT-044" name="com.atmecs.atmecswebsite.testscripts.AtmecsWebsiteHomePage" tests="1" failures="0" timestamp="03 Oct 2019 15:37:48 GMT" time="57.312" errors="0">
  <testcase name="validateHomePage" time="57.312" classname="com.atmecs.atmecswebsite.testscripts.AtmecsWebsiteHomePage"/>
</testsuite> <!-- com.atmecs.atmecswebsite.testscripts.AtmecsWebsiteHomePage -->
