<?xml version="1.0" encoding="UTF-8"?>
<!-- Generated by org.testng.reporters.JUnitReportReporter -->
<testsuite skipped="0" hostname="ATMECSINLT-044" name="com.atmecs.atmecswebsite.testscripts.AtmecsWebsiteVerifyFooter" tests="1" failures="0" timestamp="27 Sep 2019 13:15:05 GMT" time="57.569" errors="0">
  <testcase name="verifyFooter" time="57.569" classname="com.atmecs.atmecswebsite.testscripts.AtmecsWebsiteVerifyFooter"/>
</testsuite> <!-- com.atmecs.atmecswebsite.testscripts.AtmecsWebsiteVerifyFooter -->
