<?xml version="1.0" encoding="UTF-8"?>
<!-- Generated by org.testng.reporters.JUnitReportReporter -->
<testsuite skipped="0" hostname="ATMECSINLT-044" name="com.atmecs.atmecswebsite.testscripts.ValidateContextMenu" tests="1" failures="0" timestamp="27 Sep 2019 13:35:12 GMT" time="25.621" errors="0">
  <testcase name="verifyServicesMenu" time="25.621" classname="com.atmecs.atmecswebsite.testscripts.ValidateContextMenu"/>
</testsuite> <!-- com.atmecs.atmecswebsite.testscripts.ValidateContextMenu -->
