<?xml version="1.0" encoding="UTF-8"?>
<!-- Generated by org.testng.reporters.JUnitReportReporter -->
<testsuite skipped="0" hostname="ATMECSINLT-044" name="com.atmecs.atmecswebsite.testscripts.AtmecsWebsiteVerifyFooter" tests="1" failures="0" timestamp="30 Sep 2019 08:30:46 GMT" time="59.102" errors="0">
  <testcase name="verifyFooter" time="59.102" classname="com.atmecs.atmecswebsite.testscripts.AtmecsWebsiteVerifyFooter"/>
</testsuite> <!-- com.atmecs.atmecswebsite.testscripts.AtmecsWebsiteVerifyFooter -->
